0 verbose cli /usr/local/bin/node /usr/local/bin/npm
1 info using npm@8.11.0
2 info using node@v16.16.0
3 timing npm:load:whichnode Completed in 1ms
4 timing config:load:defaults Completed in 4ms
5 timing config:load:file:/usr/local/lib/node_modules/npm/npmrc Completed in 1ms
6 timing config:load:builtin Completed in 1ms
7 warn config production Use `--omit=dev` instead.
8 timing config:load:cli Completed in 2ms
9 timing config:load:env Completed in 0ms
10 timing config:load:file:/data/.npmrc Completed in 3ms
11 timing config:load:project Completed in 11ms
12 timing config:load:file:/usr/src/node-red/.npmrc Completed in 0ms
13 timing config:load:user Completed in 0ms
14 timing config:load:file:/usr/local/etc/npmrc Completed in 1ms
15 timing config:load:global Completed in 1ms
16 timing config:load:validate Completed in 1ms
17 timing config:load:credentials Completed in 0ms
18 timing config:load:setEnvs Completed in 0ms
19 timing config:load Completed in 21ms
20 timing npm:load:configload Completed in 21ms
21 timing npm:load:mkdirpcache Completed in 5ms
22 timing npm:load:mkdirplogs Completed in 2ms
23 verbose title npm install @studiobox/node-red-contrib-ui-widget-bulb-basic@0.2.0
24 verbose argv "install" "--no-audit" "--no-update-notifier" "--no-fund" "--save" "--save-prefix" "~" "--production" "--engine-strict" "@studiobox/node-red-contrib-ui-widget-bulb-basic@0.2.0"
25 timing npm:load:setTitle Completed in 1ms
26 timing config:load:flatten Completed in 2ms
27 timing npm:load:display Completed in 4ms
28 verbose logfile logs-max:10 dir:/data/.npm/_logs
29 verbose logfile /data/.npm/_logs/2023-02-20T12_01_22_563Z-debug-0.log
30 timing npm:load:logFile Completed in 62ms
31 timing npm:load:timers Completed in 0ms
32 timing npm:load:configScope Completed in 0ms
33 timing npm:load Completed in 100ms
34 timing arborist:ctor Completed in 1ms
35 silly logfile start cleaning logs, removing 8 files
36 timing idealTree:init Completed in 121ms
37 timing idealTree:userRequests Completed in 2ms
38 silly idealTree buildDeps
39 silly fetch manifest @studiobox/node-red-contrib-ui-widget-bulb-basic@0.2.0
40 verbose shrinkwrap failed to load node_modules/.package-lock.json out of date, updated: node_modules
41 silly logfile done cleaning log files
42 http fetch GET 200 https://registry.npmjs.org/@studiobox%2fnode-red-contrib-ui-widget-bulb-basic 2345ms (cache miss)
43 silly placeDep ROOT @studiobox/node-red-contrib-ui-widget-bulb-basic@0.2.0 OK for: node-red-project@0.0.1 want: 0.2.0
44 timing idealTree:#root Completed in 2353ms
45 timing idealTree:node_modules/@studiobox/node-red-contrib-ui-widget-bulb-basic Completed in 0ms
46 timing idealTree:buildDeps Completed in 2361ms
47 timing idealTree:fixDepFlags Completed in 1ms
48 timing idealTree Completed in 2493ms
49 timing reify:loadTrees Completed in 2493ms
50 timing reify:diffTrees Completed in 7ms
51 silly reify moves {}
52 timing reify:retireShallow Completed in 1ms
53 timing reify:createSparse Completed in 63ms
54 timing reify:trashOmits Completed in 1ms
55 timing reify:loadBundles Completed in 0ms
56 silly tarball no local data for @studiobox/node-red-contrib-ui-widget-bulb-basic@https://registry.npmjs.org/@studiobox/node-red-contrib-ui-widget-bulb-basic/-/node-red-contrib-ui-widget-bulb-basic-0.2.0.tgz. Extracting by manifest.
57 http fetch GET 200 https://registry.npmjs.org/@studiobox/node-red-contrib-ui-widget-bulb-basic/-/node-red-contrib-ui-widget-bulb-basic-0.2.0.tgz 1815ms (cache miss)
58 timing reifyNode:node_modules/@studiobox/node-red-contrib-ui-widget-bulb-basic Completed in 1826ms
59 timing reify:unpack Completed in 1827ms
60 timing reify:unretire Completed in 0ms
61 timing build:queue Completed in 3ms
62 timing build:deps Completed in 4ms
63 timing build Completed in 5ms
64 timing reify:build Completed in 6ms
65 timing reify:trash Completed in 0ms
66 timing reify:save Completed in 75ms
67 timing reify Completed in 4508ms
68 silly ADD node_modules/@studiobox/node-red-contrib-ui-widget-bulb-basic
69 timing command:install Completed in 4516ms
70 verbose exit 0
71 timing npm Completed in 4688ms
72 info ok
