0 verbose cli /usr/local/bin/node /usr/local/bin/npm
1 info using npm@8.11.0
2 info using node@v16.16.0
3 timing npm:load:whichnode Completed in 3ms
4 timing config:load:defaults Completed in 13ms
5 timing config:load:file:/usr/local/lib/node_modules/npm/npmrc Completed in 71ms
6 timing config:load:builtin Completed in 76ms
7 warn config production Use `--omit=dev` instead.
8 timing config:load:cli Completed in 15ms
9 timing config:load:env Completed in 1ms
10 timing config:load:file:/data/.npmrc Completed in 12ms
11 timing config:load:project Completed in 81ms
12 timing config:load:file:/usr/src/node-red/.npmrc Completed in 1ms
13 timing config:load:user Completed in 3ms
14 timing config:load:file:/usr/local/etc/npmrc Completed in 6ms
15 timing config:load:global Completed in 6ms
16 timing config:load:validate Completed in 1ms
17 timing config:load:credentials Completed in 5ms
18 timing config:load:setEnvs Completed in 2ms
19 timing config:load Completed in 207ms
20 timing npm:load:configload Completed in 212ms
21 timing npm:load:mkdirpcache Completed in 12ms
22 timing npm:load:mkdirplogs Completed in 32ms
23 verbose title npm install node-red-contrib-loop@1.0.1
24 verbose argv "install" "--no-audit" "--no-update-notifier" "--no-fund" "--save" "--save-prefix" "~" "--production" "--engine-strict" "node-red-contrib-loop@1.0.1"
25 timing npm:load:setTitle Completed in 18ms
26 timing config:load:flatten Completed in 39ms
27 timing npm:load:display Completed in 50ms
28 verbose logfile logs-max:10 dir:/data/.npm/_logs
29 verbose logfile /data/.npm/_logs/2023-02-15T17_26_45_563Z-debug-0.log
30 timing npm:load:logFile Completed in 290ms
31 timing npm:load:timers Completed in 2ms
32 timing npm:load:configScope Completed in 0ms
33 timing npm:load Completed in 649ms
34 timing arborist:ctor Completed in 2ms
35 silly logfile done cleaning log files
36 timing idealTree:init Completed in 219ms
37 timing idealTree:userRequests Completed in 4ms
38 silly idealTree buildDeps
39 silly fetch manifest node-red-contrib-loop@1.0.1
40 timing arborist:ctor Completed in 1ms
41 http fetch GET 200 https://registry.npmjs.org/node-red-contrib-loop 592ms (cache miss)
42 silly placeDep ROOT node-red-contrib-loop@1.0.1 OK for: node-red-project@0.0.1 want: 1.0.1
43 timing idealTree:#root Completed in 609ms
44 timing idealTree:node_modules/node-red-contrib-loop Completed in 0ms
45 timing idealTree:buildDeps Completed in 617ms
46 timing idealTree:fixDepFlags Completed in 2ms
47 timing idealTree Completed in 864ms
48 timing reify:loadTrees Completed in 867ms
49 timing reify:diffTrees Completed in 23ms
50 silly reify moves {}
51 timing reify:retireShallow Completed in 4ms
52 timing reify:createSparse Completed in 27ms
53 timing reify:trashOmits Completed in 0ms
54 timing reify:loadBundles Completed in 0ms
55 silly tarball no local data for node-red-contrib-loop@https://registry.npmjs.org/node-red-contrib-loop/-/node-red-contrib-loop-1.0.1.tgz. Extracting by manifest.
56 http fetch GET 200 https://registry.npmjs.org/node-red-contrib-loop/-/node-red-contrib-loop-1.0.1.tgz 935ms (cache miss)
57 timing reifyNode:node_modules/node-red-contrib-loop Completed in 1001ms
58 timing reify:unpack Completed in 1005ms
59 timing reify:unretire Completed in 1ms
60 timing build:queue Completed in 8ms
61 timing build:deps Completed in 10ms
62 timing build Completed in 12ms
63 timing reify:build Completed in 16ms
64 timing reify:trash Completed in 1ms
65 timing reify:save Completed in 66ms
66 timing reify Completed in 2088ms
67 silly ADD node_modules/node-red-contrib-loop
68 timing command:install Completed in 2106ms
69 verbose exit 0
70 timing npm Completed in 3195ms
71 info ok
