0 verbose cli /usr/local/bin/node /usr/local/bin/npm
1 info using npm@8.11.0
2 info using node@v16.16.0
3 timing npm:load:whichnode Completed in 1ms
4 timing config:load:defaults Completed in 4ms
5 timing config:load:file:/usr/local/lib/node_modules/npm/npmrc Completed in 2ms
6 timing config:load:builtin Completed in 3ms
7 warn config production Use `--omit=dev` instead.
8 timing config:load:cli Completed in 4ms
9 timing config:load:env Completed in 1ms
10 timing config:load:file:/data/.npmrc Completed in 3ms
11 timing config:load:project Completed in 8ms
12 timing config:load:file:/usr/src/node-red/.npmrc Completed in 0ms
13 timing config:load:user Completed in 0ms
14 timing config:load:file:/usr/local/etc/npmrc Completed in 2ms
15 timing config:load:global Completed in 2ms
16 timing config:load:validate Completed in 0ms
17 timing config:load:credentials Completed in 1ms
18 timing config:load:setEnvs Completed in 1ms
19 timing config:load Completed in 27ms
20 timing npm:load:configload Completed in 27ms
21 timing npm:load:mkdirpcache Completed in 8ms
22 timing npm:load:mkdirplogs Completed in 7ms
23 verbose title npm install node-red-contrib-ui-media@1.2.0
24 verbose argv "install" "--no-audit" "--no-update-notifier" "--no-fund" "--save" "--save-prefix" "~" "--production" "--engine-strict" "node-red-contrib-ui-media@1.2.0"
25 timing npm:load:setTitle Completed in 2ms
26 timing config:load:flatten Completed in 5ms
27 timing npm:load:display Completed in 7ms
28 verbose logfile logs-max:10 dir:/data/.npm/_logs
29 verbose logfile /data/.npm/_logs/2023-02-20T14_27_23_242Z-debug-0.log
30 timing npm:load:logFile Completed in 78ms
31 timing npm:load:timers Completed in 0ms
32 timing npm:load:configScope Completed in 0ms
33 timing npm:load Completed in 141ms
34 timing arborist:ctor Completed in 1ms
35 silly logfile start cleaning logs, removing 5 files
36 timing idealTree:init Completed in 108ms
37 timing idealTree:userRequests Completed in 2ms
38 silly idealTree buildDeps
39 silly fetch manifest node-red-contrib-ui-media@1.2.0
40 verbose shrinkwrap failed to load node_modules/.package-lock.json out of date, updated: node_modules
41 silly logfile done cleaning log files
42 http fetch GET 200 https://registry.npmjs.org/node-red-contrib-ui-media 1037ms (cache miss)
43 silly placeDep ROOT node-red-contrib-ui-media@1.2.0 OK for: node-red-project@0.0.1 want: 1.2.0
44 silly fetch manifest formidable@^1.2.1
45 silly fetch manifest mkdirp@^0.5.1
46 http fetch GET 200 https://registry.npmjs.org/mkdirp 151ms (cache miss)
47 http fetch GET 200 https://registry.npmjs.org/formidable 275ms (cache miss)
48 timing idealTree:#root Completed in 1324ms
49 silly placeDep ROOT formidable@1.2.6 OK for: node-red-contrib-ui-media@1.2.0 want: ^1.2.1
50 silly placeDep ROOT mkdirp@0.5.6 OK for: node-red-contrib-ui-media@1.2.0 want: ^0.5.1
51 silly fetch manifest minimist@^1.2.6
52 http fetch GET 200 https://registry.npmjs.org/minimist 141ms (cache miss)
53 timing idealTree:node_modules/node-red-contrib-ui-media Completed in 148ms
54 timing idealTree:node_modules/formidable Completed in 0ms
55 silly placeDep ROOT minimist@1.2.8 OK for: mkdirp@0.5.6 want: ^1.2.6
56 timing idealTree:node_modules/mkdirp Completed in 2ms
57 timing idealTree:node_modules/minimist Completed in 0ms
58 timing idealTree:buildDeps Completed in 1479ms
59 timing idealTree:fixDepFlags Completed in 0ms
60 timing idealTree Completed in 1595ms
61 timing reify:loadTrees Completed in 1597ms
62 timing reify:diffTrees Completed in 6ms
63 silly reify moves {}
64 timing reify:retireShallow Completed in 1ms
65 timing reify:createSparse Completed in 15ms
66 timing reify:trashOmits Completed in 0ms
67 timing reify:loadBundles Completed in 0ms
68 silly tarball no local data for minimist@https://registry.npmjs.org/minimist/-/minimist-1.2.8.tgz. Extracting by manifest.
69 silly tarball no local data for node-red-contrib-ui-media@https://registry.npmjs.org/node-red-contrib-ui-media/-/node-red-contrib-ui-media-1.2.0.tgz. Extracting by manifest.
70 silly tarball no local data for mkdirp@https://registry.npmjs.org/mkdirp/-/mkdirp-0.5.6.tgz. Extracting by manifest.
71 silly tarball no local data for formidable@https://registry.npmjs.org/formidable/-/formidable-1.2.6.tgz. Extracting by manifest.
72 http fetch GET 200 https://registry.npmjs.org/minimist/-/minimist-1.2.8.tgz 356ms (cache miss)
73 timing reifyNode:node_modules/minimist Completed in 391ms
74 http fetch GET 200 https://registry.npmjs.org/formidable/-/formidable-1.2.6.tgz 398ms (cache miss)
75 warn deprecated formidable@1.2.6: Please upgrade to latest, formidable@v2 or formidable@v3! Check these notes: https://bit.ly/2ZEqIau
76 timing reifyNode:node_modules/formidable Completed in 427ms
77 http fetch GET 200 https://registry.npmjs.org/mkdirp/-/mkdirp-0.5.6.tgz 428ms (cache miss)
78 timing reifyNode:node_modules/mkdirp Completed in 454ms
79 http fetch GET 200 https://registry.npmjs.org/node-red-contrib-ui-media/-/node-red-contrib-ui-media-1.2.0.tgz 718ms (cache miss)
80 timing reifyNode:node_modules/node-red-contrib-ui-media Completed in 736ms
81 timing reify:unpack Completed in 737ms
82 timing reify:unretire Completed in 0ms
83 timing build:queue Completed in 2ms
84 timing build:link:node_modules/mkdirp Completed in 9ms
85 timing build:link Completed in 10ms
86 timing build:deps Completed in 16ms
87 timing build Completed in 17ms
88 timing reify:build Completed in 18ms
89 timing reify:trash Completed in 0ms
90 timing reify:save Completed in 22ms
91 timing reify Completed in 2429ms
92 silly ADD node_modules/minimist
93 silly ADD node_modules/mkdirp
94 silly ADD node_modules/formidable
95 silly ADD node_modules/node-red-contrib-ui-media
96 timing command:install Completed in 2439ms
97 verbose exit 0
98 timing npm Completed in 2666ms
99 info ok
